<?xml version="1.0" encoding="UTF-8"?>
<testsuite xmlns:xsi="http://www.w3.org/2001/XMLSchema-instance" xsi:noNamespaceSchemaLocation="https://maven.apache.org/surefire/maven-surefire-plugin/xsd/surefire-test-report-3.0.xsd" version="3.0" name="com.tayssir.cosmetiques.CosmetiquesApplicationTests" time="6.65" tests="13" errors="2" skipped="0" failures="0">
  <properties>
[...]
</properties>
  <testcase name="findByClassificationIdCat" classname="com.tayssir.cosmetiques.CosmetiquesApplicationTests" time="0.756">
    <system-out><![CDATA[16:29:46.443 [main] INFO org.springframework.test.context.support.AnnotationConfigContextLoaderUtils -- Could not detect default configuration classes for test class [com.tayssir.cosmetiques.CosmetiquesApplicationTests]: CosmetiquesApplicationTests does not declare any static, non-private, non-final, nested classes annotated with @Configuration.
16:29:46.537 [main] INFO org.springframework.boot.test.context.SpringBootTestContextBootstrapper -- Found @SpringBootConfiguration com.tayssir.cosmetiques.CosmetiquesApplication for test class com.tayssir.cosmetiques.CosmetiquesApplicationTests
16:29:46.696 [main] INFO org.springframework.boot.devtools.restart.RestartApplicationListener -- Restart disabled due to context in which it is running

  .   ____          _            __ _ _
 /\\ / ___'_ __ _ _(_)_ __  __ _ \ \ \ \
( ( )\___ | '_ | '_| | '_ \/ _` | \ \ \ \
 \\/  ___)| |_)| | | | | || (_| |  ) ) ) )
  '  |____| .__|_| |_|_| |_\__, | / / / /
 =========|_|==============|___/=/_/_/_/
 :: Spring Boot ::                (v3.2.5)

2024-04-30T16:29:46.989+01:00  INFO 16028 --- [Cosmetiques] [           main] c.t.c.CosmetiquesApplicationTests        : Starting CosmetiquesApplicationTests using Java 21 with PID 16028 (started by BAZ INFO in C:\Users\BAZ INFO\Documents\workspace-spring-tool-suite-4-4.22.0.RELEASE\Cosmetiques_Sp2)
2024-04-30T16:29:46.991+01:00  INFO 16028 --- [Cosmetiques] [           main] c.t.c.CosmetiquesApplicationTests        : No active profile set, falling back to 1 default profile: "default"
2024-04-30T16:29:47.871+01:00  INFO 16028 --- [Cosmetiques] [           main] .s.d.r.c.RepositoryConfigurationDelegate : Bootstrapping Spring Data JPA repositories in DEFAULT mode.
2024-04-30T16:29:47.926+01:00  INFO 16028 --- [Cosmetiques] [           main] .s.d.r.c.RepositoryConfigurationDelegate : Finished Spring Data repository scanning in 47 ms. Found 1 JPA repository interface.
2024-04-30T16:29:48.284+01:00  WARN 16028 --- [Cosmetiques] [           main] trationDelegate$BeanPostProcessorChecker : Bean 'org.springframework.ws.config.annotation.DelegatingWsConfiguration' of type [org.springframework.ws.config.annotation.DelegatingWsConfiguration$$SpringCGLIB$$0] is not eligible for getting processed by all BeanPostProcessors (for example: not eligible for auto-proxying). The currently created BeanPostProcessor [annotationActionEndpointMapping] is declared through a non-static factory method on that class; consider declaring it as static instead.
2024-04-30T16:29:48.317+01:00  INFO 16028 --- [Cosmetiques] [           main] .w.s.a.s.AnnotationActionEndpointMapping : Supporting [WS-Addressing August 2004, WS-Addressing 1.0]
2024-04-30T16:29:48.525+01:00  INFO 16028 --- [Cosmetiques] [           main] o.hibernate.jpa.internal.util.LogHelper  : HHH000204: Processing PersistenceUnitInfo [name: default]
2024-04-30T16:29:48.601+01:00  INFO 16028 --- [Cosmetiques] [           main] org.hibernate.Version                    : HHH000412: Hibernate ORM core version 6.4.4.Final
2024-04-30T16:29:48.637+01:00  INFO 16028 --- [Cosmetiques] [           main] o.h.c.internal.RegionFactoryInitiator    : HHH000026: Second-level cache disabled
2024-04-30T16:29:48.929+01:00  INFO 16028 --- [Cosmetiques] [           main] o.s.o.j.p.SpringPersistenceUnitInfo      : No LoadTimeWeaver setup: ignoring JPA class transformer
2024-04-30T16:29:48.965+01:00  INFO 16028 --- [Cosmetiques] [           main] com.zaxxer.hikari.HikariDataSource       : HikariPool-1 - Starting...
2024-04-30T16:29:49.181+01:00  INFO 16028 --- [Cosmetiques] [           main] com.zaxxer.hikari.pool.HikariPool        : HikariPool-1 - Added connection com.mysql.cj.jdbc.ConnectionImpl@7aa15a80
2024-04-30T16:29:49.184+01:00  INFO 16028 --- [Cosmetiques] [           main] com.zaxxer.hikari.HikariDataSource       : HikariPool-1 - Start completed.
2024-04-30T16:29:49.247+01:00  WARN 16028 --- [Cosmetiques] [           main] org.hibernate.dialect.Dialect            : HHH000511: The 5.5.0 version for [org.hibernate.dialect.MySQLDialect] is no longer supported, hence certain features may not work properly. The minimum supported version is 8.0.0. Check the community dialects project for available legacy versions.
2024-04-30T16:29:49.999+01:00  INFO 16028 --- [Cosmetiques] [           main] o.h.e.t.j.p.i.JtaPlatformInitiator       : HHH000489: No JTA platform available (set 'hibernate.transaction.jta.platform' to enable JTA platform integration)
2024-04-30T16:29:50.108+01:00  INFO 16028 --- [Cosmetiques] [           main] j.LocalContainerEntityManagerFactoryBean : Initialized JPA EntityManagerFactory for persistence unit 'default'
2024-04-30T16:29:50.511+01:00  INFO 16028 --- [Cosmetiques] [           main] o.s.d.j.r.query.QueryEnhancerFactory     : Hibernate is in classpath; If applicable, HQL parser will be used.
2024-04-30T16:29:51.105+01:00  WARN 16028 --- [Cosmetiques] [           main] JpaBaseConfiguration$JpaWebConfiguration : spring.jpa.open-in-view is enabled by default. Therefore, database queries may be performed during view rendering. Explicitly configure spring.jpa.open-in-view to disable this warning
2024-04-30T16:29:51.926+01:00  INFO 16028 --- [Cosmetiques] [           main] c.t.c.CosmetiquesApplicationTests        : Started CosmetiquesApplicationTests in 5.245 seconds (process running for 6.293)
Hibernate: select c1_0.id_cosmetique,c1_0.classification_id_clas,c1_0.date_creation,c1_0.nom_cosmetique,c1_0.prix_cosmetique from cosmetique c1_0 left join classification c2_0 on c2_0.id_clas=c1_0.classification_id_clas where c2_0.id_clas=?
Hibernate: select c1_0.id_clas,c1_0.description_clas,c1_0.nom_clas from classification c1_0 where c1_0.id_clas=?
Cosmetique [idCosmetique=1, nomCosmetique=parfum , prixCosmetique=600.0, dateCreation=2024-04-29 22:26:35.0]
Cosmetique [idCosmetique=2, nomCosmetique=vernis, prixCosmetique=28.0, dateCreation=2024-04-29 22:26:35.0]
]]></system-out>
    <system-err><![CDATA[WARNING: A Java agent has been loaded dynamically (C:\Users\BAZ INFO\.m2\repository\net\bytebuddy\byte-buddy-agent\1.14.13\byte-buddy-agent-1.14.13.jar)
WARNING: If a serviceability tool is in use, please run with -XX:+EnableDynamicAgentLoading to hide this warning
WARNING: If a serviceability tool is not in use, please run with -Djdk.instrument.traceUsage for more information
WARNING: Dynamic loading of agents will be disallowed by default in a future release
]]></system-err>
  </testcase>
  <testcase name="testfindByClassification" classname="com.tayssir.cosmetiques.CosmetiquesApplicationTests" time="0.014">
    <system-out><![CDATA[Hibernate: select c1_0.id_cosmetique,c1_0.classification_id_clas,c1_0.date_creation,c1_0.nom_cosmetique,c1_0.prix_cosmetique from cosmetique c1_0 where c1_0.classification_id_clas=?
]]></system-out>
  </testcase>
  <testcase name="testFindByNomCosmetiqueContains" classname="com.tayssir.cosmetiques.CosmetiquesApplicationTests" time="0.039">
    <system-out><![CDATA[Hibernate: select c1_0.id_cosmetique,c1_0.classification_id_clas,c1_0.date_creation,c1_0.nom_cosmetique,c1_0.prix_cosmetique from cosmetique c1_0 limit ?,?
Hibernate: select c1_0.id_clas,c1_0.description_clas,c1_0.nom_clas from classification c1_0 where c1_0.id_clas=?
Hibernate: select count(c1_0.id_cosmetique) from cosmetique c1_0
2
9
5
Cosmetique [idCosmetique=1, nomCosmetique=parfum , prixCosmetique=600.0, dateCreation=2024-04-29 22:26:35.0]
Cosmetique [idCosmetique=2, nomCosmetique=vernis, prixCosmetique=28.0, dateCreation=2024-04-29 22:26:35.0]
]]></system-out>
  </testcase>
  <testcase name="testCreateCosmetique" classname="com.tayssir.cosmetiques.CosmetiquesApplicationTests" time="0.039">
    <system-out><![CDATA[Hibernate: insert into cosmetique (classification_id_clas,date_creation,nom_cosmetique,prix_cosmetique) values (?,?,?,?)
]]></system-out>
  </testcase>
  <testcase name="testfindByNomCosmetiqueContains" classname="com.tayssir.cosmetiques.CosmetiquesApplicationTests" time="0.014">
    <system-out><![CDATA[Hibernate: select c1_0.id_cosmetique,c1_0.classification_id_clas,c1_0.date_creation,c1_0.nom_cosmetique,c1_0.prix_cosmetique from cosmetique c1_0 where c1_0.nom_cosmetique like ? escape '\\'
Hibernate: select c1_0.id_clas,c1_0.description_clas,c1_0.nom_clas from classification c1_0 where c1_0.id_clas=?
Cosmetique [idCosmetique=2, nomCosmetique=vernis, prixCosmetique=28.0, dateCreation=2024-04-29 22:26:35.0]
Cosmetique [idCosmetique=5, nomCosmetique=vernis, prixCosmetique=28.0, dateCreation=2024-04-29 22:31:50.0]
Cosmetique [idCosmetique=8, nomCosmetique=vernis, prixCosmetique=28.0, dateCreation=2024-04-29 22:32:15.0]
]]></system-out>
  </testcase>
  <testcase name="testDeleteCosmetique" classname="com.tayssir.cosmetiques.CosmetiquesApplicationTests" time="0.023">
    <system-out><![CDATA[Hibernate: select c1_0.id_cosmetique,c2_0.id_clas,c2_0.description_clas,c2_0.nom_clas,c1_0.date_creation,c1_0.nom_cosmetique,c1_0.prix_cosmetique from cosmetique c1_0 left join classification c2_0 on c2_0.id_clas=c1_0.classification_id_clas where c1_0.id_cosmetique=?
Hibernate: delete from cosmetique where id_cosmetique=?
]]></system-out>
  </testcase>
  <testcase name="testfindByNomPrix" classname="com.tayssir.cosmetiques.CosmetiquesApplicationTests" time="0.009">
    <system-out><![CDATA[Hibernate: select c1_0.id_cosmetique,c1_0.classification_id_clas,c1_0.date_creation,c1_0.nom_cosmetique,c1_0.prix_cosmetique from cosmetique c1_0 where c1_0.nom_cosmetique like replace(?,'\\','\\\\') and c1_0.prix_cosmetique>?
]]></system-out>
  </testcase>
  <testcase name="testUpdateCosmetique" classname="com.tayssir.cosmetiques.CosmetiquesApplicationTests" time="0.011">
    <error message="No value present" type="java.util.NoSuchElementException"><![CDATA[java.util.NoSuchElementException: No value present
	at java.base/java.util.Optional.get(Optional.java:143)
	at com.tayssir.cosmetiques.CosmetiquesApplicationTests.testUpdateCosmetique(CosmetiquesApplicationTests.java:40)
	at java.base/java.lang.reflect.Method.invoke(Method.java:580)
	at java.base/java.util.ArrayList.forEach(ArrayList.java:1596)
	at java.base/java.util.ArrayList.forEach(ArrayList.java:1596)
]]></error>
    <system-out><![CDATA[Hibernate: select c1_0.id_cosmetique,c2_0.id_clas,c2_0.description_clas,c2_0.nom_clas,c1_0.date_creation,c1_0.nom_cosmetique,c1_0.prix_cosmetique from cosmetique c1_0 left join classification c2_0 on c2_0.id_clas=c1_0.classification_id_clas where c1_0.id_cosmetique=?
]]></system-out>
  </testcase>
  <testcase name="testFindCosmetique" classname="com.tayssir.cosmetiques.CosmetiquesApplicationTests" time="0.006">
    <error message="No value present" type="java.util.NoSuchElementException"><![CDATA[java.util.NoSuchElementException: No value present
	at java.base/java.util.Optional.get(Optional.java:143)
	at com.tayssir.cosmetiques.CosmetiquesApplicationTests.testFindCosmetique(CosmetiquesApplicationTests.java:34)
	at java.base/java.lang.reflect.Method.invoke(Method.java:580)
	at java.base/java.util.ArrayList.forEach(ArrayList.java:1596)
	at java.base/java.util.ArrayList.forEach(ArrayList.java:1596)
]]></error>
    <system-out><![CDATA[Hibernate: select c1_0.id_cosmetique,c2_0.id_clas,c2_0.description_clas,c2_0.nom_clas,c1_0.date_creation,c1_0.nom_cosmetique,c1_0.prix_cosmetique from cosmetique c1_0 left join classification c2_0 on c2_0.id_clas=c1_0.classification_id_clas where c1_0.id_cosmetique=?
]]></system-out>
  </testcase>
  <testcase name="testTrierCosmetiquesNomsPrix" classname="com.tayssir.cosmetiques.CosmetiquesApplicationTests" time="0.012">
    <system-out><![CDATA[Hibernate: select c1_0.id_cosmetique,c1_0.classification_id_clas,c1_0.date_creation,c1_0.nom_cosmetique,c1_0.prix_cosmetique from cosmetique c1_0 order by c1_0.nom_cosmetique,c1_0.prix_cosmetique
Hibernate: select c1_0.id_clas,c1_0.description_clas,c1_0.nom_clas from classification c1_0 where c1_0.id_clas=?
Hibernate: select c1_0.id_clas,c1_0.description_clas,c1_0.nom_clas from classification c1_0 where c1_0.id_clas=?
Cosmetique [idCosmetique=11, nomCosmetique=gel nettoynat, prixCosmetique=30.0, dateCreation=2024-04-30 16:29:52.0]
Cosmetique [idCosmetique=4, nomCosmetique=parfum , prixCosmetique=500.0, dateCreation=2024-04-29 22:31:50.0]
Cosmetique [idCosmetique=7, nomCosmetique=parfum , prixCosmetique=40000.0, dateCreation=2024-04-29 22:32:15.0]
Cosmetique [idCosmetique=3, nomCosmetique=teint, prixCosmetique=9.0, dateCreation=2024-04-29 22:26:35.0]
Cosmetique [idCosmetique=6, nomCosmetique=teint, prixCosmetique=9.0, dateCreation=2024-04-29 22:31:50.0]
Cosmetique [idCosmetique=9, nomCosmetique=teint, prixCosmetique=9.0, dateCreation=2024-04-29 22:32:15.0]
Cosmetique [idCosmetique=2, nomCosmetique=vernis, prixCosmetique=28.0, dateCreation=2024-04-29 22:26:35.0]
Cosmetique [idCosmetique=5, nomCosmetique=vernis, prixCosmetique=28.0, dateCreation=2024-04-29 22:31:50.0]
Cosmetique [idCosmetique=8, nomCosmetique=vernis, prixCosmetique=28.0, dateCreation=2024-04-29 22:32:15.0]
]]></system-out>
  </testcase>
  <testcase name="testfindByOrderByNomCosmetiqueAsc" classname="com.tayssir.cosmetiques.CosmetiquesApplicationTests" time="0.016">
    <system-out><![CDATA[Hibernate: select c1_0.id_cosmetique,c1_0.classification_id_clas,c1_0.date_creation,c1_0.nom_cosmetique,c1_0.prix_cosmetique from cosmetique c1_0 order by c1_0.nom_cosmetique
Hibernate: select c1_0.id_clas,c1_0.description_clas,c1_0.nom_clas from classification c1_0 where c1_0.id_clas=?
Hibernate: select c1_0.id_clas,c1_0.description_clas,c1_0.nom_clas from classification c1_0 where c1_0.id_clas=?
Cosmetique [idCosmetique=11, nomCosmetique=gel nettoynat, prixCosmetique=30.0, dateCreation=2024-04-30 16:29:52.0]
Cosmetique [idCosmetique=4, nomCosmetique=parfum , prixCosmetique=500.0, dateCreation=2024-04-29 22:31:50.0]
Cosmetique [idCosmetique=7, nomCosmetique=parfum , prixCosmetique=40000.0, dateCreation=2024-04-29 22:32:15.0]
Cosmetique [idCosmetique=3, nomCosmetique=teint, prixCosmetique=9.0, dateCreation=2024-04-29 22:26:35.0]
Cosmetique [idCosmetique=6, nomCosmetique=teint, prixCosmetique=9.0, dateCreation=2024-04-29 22:31:50.0]
Cosmetique [idCosmetique=9, nomCosmetique=teint, prixCosmetique=9.0, dateCreation=2024-04-29 22:32:15.0]
Cosmetique [idCosmetique=2, nomCosmetique=vernis, prixCosmetique=28.0, dateCreation=2024-04-29 22:26:35.0]
Cosmetique [idCosmetique=5, nomCosmetique=vernis, prixCosmetique=28.0, dateCreation=2024-04-29 22:31:50.0]
Cosmetique [idCosmetique=8, nomCosmetique=vernis, prixCosmetique=28.0, dateCreation=2024-04-29 22:32:15.0]
]]></system-out>
  </testcase>
  <testcase name="testListerTousCosmetiques" classname="com.tayssir.cosmetiques.CosmetiquesApplicationTests" time="0.013">
    <system-out><![CDATA[Hibernate: select c1_0.id_cosmetique,c1_0.classification_id_clas,c1_0.date_creation,c1_0.nom_cosmetique,c1_0.prix_cosmetique from cosmetique c1_0
Hibernate: select c1_0.id_clas,c1_0.description_clas,c1_0.nom_clas from classification c1_0 where c1_0.id_clas=?
Hibernate: select c1_0.id_clas,c1_0.description_clas,c1_0.nom_clas from classification c1_0 where c1_0.id_clas=?
Cosmetique [idCosmetique=2, nomCosmetique=vernis, prixCosmetique=28.0, dateCreation=2024-04-29 22:26:35.0]
Cosmetique [idCosmetique=3, nomCosmetique=teint, prixCosmetique=9.0, dateCreation=2024-04-29 22:26:35.0]
Cosmetique [idCosmetique=4, nomCosmetique=parfum , prixCosmetique=500.0, dateCreation=2024-04-29 22:31:50.0]
Cosmetique [idCosmetique=5, nomCosmetique=vernis, prixCosmetique=28.0, dateCreation=2024-04-29 22:31:50.0]
Cosmetique [idCosmetique=6, nomCosmetique=teint, prixCosmetique=9.0, dateCreation=2024-04-29 22:31:50.0]
Cosmetique [idCosmetique=7, nomCosmetique=parfum , prixCosmetique=40000.0, dateCreation=2024-04-29 22:32:15.0]
Cosmetique [idCosmetique=8, nomCosmetique=vernis, prixCosmetique=28.0, dateCreation=2024-04-29 22:32:15.0]
Cosmetique [idCosmetique=9, nomCosmetique=teint, prixCosmetique=9.0, dateCreation=2024-04-29 22:32:15.0]
Cosmetique [idCosmetique=11, nomCosmetique=gel nettoynat, prixCosmetique=30.0, dateCreation=2024-04-30 16:29:52.0]
]]></system-out>
  </testcase>
  <testcase name="testFindByNomCosmetique" classname="com.tayssir.cosmetiques.CosmetiquesApplicationTests" time="0.007">
    <system-out><![CDATA[Hibernate: select c1_0.id_cosmetique,c1_0.classification_id_clas,c1_0.date_creation,c1_0.nom_cosmetique,c1_0.prix_cosmetique from cosmetique c1_0 where c1_0.nom_cosmetique=?
]]></system-out>
  </testcase>
</testsuite>